2026-06-21 19:56:37  ==================================================
2026-06-21 19:56:37  NASDAQ 100 수집 시작
2026-06-21 19:56:37  ==================================================
Got 101 tickers from Wikipedia
2026-06-21 19:56:37  티커 100개 확보
2026-06-21 19:56:38    [  1/100] ADBE    재무 수집 중...
2026-06-21 19:56:40    [  2/100] AMD     재무 수집 중...
2026-06-21 19:56:41    [  3/100] ABNB    재무 수집 중...
2026-06-21 19:56:43    [  4/100] ALNY    재무 수집 중...
2026-06-21 19:56:44    [  5/100] GOOGL   재무 수집 중...
2026-06-21 19:56:46    [  6/100] GOOG    재무 수집 중...
2026-06-21 19:56:47    [  7/100] AMZN    재무 수집 중...
2026-06-21 19:56:48    [  8/100] AEP     재무 수집 중...
2026-06-21 19:56:50    [  9/100] AMGN    재무 수집 중...
2026-06-21 19:56:52    [ 10/100] ADI     재무 수집 중...
2026-06-21 19:56:53    [ 11/100] AAPL    재무 수집 중...
2026-06-21 19:56:55    [ 12/100] AMAT    재무 수집 중...
2026-06-21 19:56:56    [ 13/100] APP     재무 수집 중...
2026-06-21 19:56:57    [ 14/100] ARM     재무 수집 중...
2026-06-21 19:56:59    [ 15/100] ASML    재무 수집 중...
2026-06-21 19:57:01    [ 16/100] ADSK    재무 수집 중...
2026-06-21 19:57:02    [ 17/100] ADP     재무 수집 중...
2026-06-21 19:57:04    [ 18/100] AXON    재무 수집 중...
2026-06-21 19:57:05    [ 19/100] BKR     재무 수집 중...
2026-06-21 19:57:07    [ 20/100] BKNG    재무 수집 중...
2026-06-21 19:57:08    [ 21/100] AVGO    재무 수집 중...
2026-06-21 19:57:10    [ 22/100] CDNS    재무 수집 중...
2026-06-21 19:57:11    [ 23/100] CHTR    재무 수집 중...
2026-06-21 19:57:12    [ 24/100] CTAS    재무 수집 중...
2026-06-21 19:57:14    [ 25/100] CSCO    재무 수집 중...
2026-06-21 19:57:16    [ 26/100] CCEP    재무 수집 중...
2026-06-21 19:57:17    [ 27/100] CTSH    재무 수집 중...
2026-06-21 19:57:19    [ 28/100] CMCSA   재무 수집 중...
2026-06-21 19:57:20    [ 29/100] CEG     재무 수집 중...
2026-06-21 19:57:22    [ 30/100] CPRT    재무 수집 중...
2026-06-21 19:57:23    [ 31/100] COST    재무 수집 중...
2026-06-21 19:57:25    [ 32/100] CRWD    재무 수집 중...
2026-06-21 19:57:26    [ 33/100] CSX     재무 수집 중...
2026-06-21 19:57:28    [ 34/100] DDOG    재무 수집 중...
2026-06-21 19:57:29    [ 35/100] DXCM    재무 수집 중...
2026-06-21 19:57:31    [ 36/100] FANG    재무 수집 중...
2026-06-21 19:57:32    [ 37/100] DASH    재무 수집 중...
2026-06-21 19:57:34    [ 38/100] EA      재무 수집 중...
2026-06-21 19:57:35    [ 39/100] EXC     재무 수집 중...
2026-06-21 19:57:37    [ 40/100] FAST    재무 수집 중...
2026-06-21 19:57:38    [ 41/100] FER     재무 수집 중...
2026-06-21 19:57:40    [ 42/100] FTNT    재무 수집 중...
2026-06-21 19:57:41    [ 43/100] GEHC    재무 수집 중...
2026-06-21 19:57:43    [ 44/100] GILD    재무 수집 중...
2026-06-21 19:57:44    [ 45/100] HON     재무 수집 중...
2026-06-21 19:57:46    [ 46/100] IDXX    재무 수집 중...
2026-06-21 19:57:48    [ 47/100] INSM    재무 수집 중...
2026-06-21 19:57:49    [ 48/100] INTC    재무 수집 중...
2026-06-21 19:57:51    [ 49/100] INTU    재무 수집 중...
2026-06-21 19:57:52    [ 50/100] ISRG    재무 수집 중...
2026-06-21 19:57:54    [ 51/100] KDP     재무 수집 중...
2026-06-21 19:57:55    [ 52/100] KLAC    재무 수집 중...
2026-06-21 19:57:57    [ 53/100] KHC     재무 수집 중...
2026-06-21 19:57:58    [ 54/100] LRCX    재무 수집 중...
2026-06-21 19:58:00    [ 55/100] LIN     재무 수집 중...
2026-06-21 19:58:02    [ 56/100] LITE    재무 수집 중...
2026-06-21 19:58:03    [ 57/100] MAR     재무 수집 중...
2026-06-21 19:58:05    [ 58/100] MRVL    재무 수집 중...
2026-06-21 19:58:06    [ 59/100] MELI    재무 수집 중...
2026-06-21 19:58:08    [ 60/100] META    재무 수집 중...
2026-06-21 19:58:09    [ 61/100] MCHP    재무 수집 중...
2026-06-21 19:58:11    [ 62/100] MU      재무 수집 중...
2026-06-21 19:58:12    [ 63/100] MSFT    재무 수집 중...
2026-06-21 19:58:14    [ 64/100] MSTR    재무 수집 중...
2026-06-21 19:58:15    [ 65/100] MDLZ    재무 수집 중...
2026-06-21 19:58:17    [ 66/100] MPWR    재무 수집 중...
2026-06-21 19:58:18    [ 67/100] MNST    재무 수집 중...
2026-06-21 19:58:20    [ 68/100] NFLX    재무 수집 중...
2026-06-21 19:58:21    [ 69/100] NVDA    재무 수집 중...
2026-06-21 19:58:23    [ 70/100] NXPI    재무 수집 중...
2026-06-21 19:58:24    [ 71/100] ORLY    재무 수집 중...
2026-06-21 19:58:26    [ 72/100] ODFL    재무 수집 중...
2026-06-21 19:58:27    [ 73/100] PCAR    재무 수집 중...
2026-06-21 19:58:29    [ 74/100] PLTR    재무 수집 중...
2026-06-21 19:58:30    [ 75/100] PANW    재무 수집 중...
2026-06-21 19:58:32    [ 76/100] PAYX    재무 수집 중...
2026-06-21 19:58:33    [ 77/100] PYPL    재무 수집 중...
2026-06-21 19:58:35    [ 78/100] PDD     재무 수집 중...
2026-06-21 19:58:36    [ 79/100] PEP     재무 수집 중...
2026-06-21 19:58:38    [ 80/100] QCOM    재무 수집 중...
2026-06-21 19:58:39    [ 81/100] REGN    재무 수집 중...
2026-06-21 19:58:41    [ 82/100] ROP     재무 수집 중...
2026-06-21 19:58:42    [ 83/100] ROST    재무 수집 중...
2026-06-21 19:58:44    [ 84/100] SNDK    재무 수집 중...
2026-06-21 19:58:45    [ 85/100] STX     재무 수집 중...
2026-06-21 19:58:47    [ 86/100] SHOP    재무 수집 중...
2026-06-21 19:58:48    [ 87/100] SBUX    재무 수집 중...
2026-06-21 19:58:50    [ 88/100] SNPS    재무 수집 중...
2026-06-21 19:58:51    [ 89/100] TMUS    재무 수집 중...
2026-06-21 19:58:53    [ 90/100] TTWO    재무 수집 중...
2026-06-21 19:58:54    [ 91/100] TSLA    재무 수집 중...
2026-06-21 19:58:56    [ 92/100] TXN     재무 수집 중...
2026-06-21 19:58:57    [ 93/100] TRI     재무 수집 중...
2026-06-21 19:58:59    [ 94/100] VRSK    재무 수집 중...
2026-06-21 19:59:00    [ 95/100] VRTX    재무 수집 중...
2026-06-21 19:59:02    [ 96/100] WMT     재무 수집 중...
2026-06-21 19:59:03    [ 97/100] WBD     재무 수집 중...
2026-06-21 19:59:05    [ 98/100] WDC     재무 수집 중...
2026-06-21 19:59:06    [ 99/100] WDAY    재무 수집 중...
2026-06-21 19:59:08    [100/100] XEL     재무 수집 중...
2026-06-21 19:59:09  재무 수집 완료: 100/100
2026-06-21 19:59:10    [  1/100] ADBE    점수=75  차트=251일
2026-06-21 19:59:10    [  2/100] AMD     점수=52  차트=251일
2026-06-21 19:59:10    [  3/100] ABNB    점수=57  차트=251일
2026-06-21 19:59:11    [  4/100] ALNY    점수=41  차트=251일
2026-06-21 19:59:11    [  5/100] GOOGL   점수=67  차트=251일
2026-06-21 19:59:12    [  6/100] GOOG    점수=67  차트=251일
2026-06-21 19:59:12    [  7/100] AMZN    점수=67  차트=251일
2026-06-21 19:59:13    [  8/100] AEP     점수=47  차트=251일
2026-06-21 19:59:13    [  9/100] AMGN    점수=60  차트=251일
2026-06-21 19:59:14    [ 10/100] ADI     점수=78  차트=251일
2026-06-21 19:59:14    [ 11/100] AAPL    점수=79  차트=251일
2026-06-21 19:59:15    [ 12/100] AMAT    점수=79  차트=251일
2026-06-21 19:59:15    [ 13/100] APP     점수=51  차트=251일
2026-06-21 19:59:16    [ 14/100] ARM     점수=51  차트=251일
2026-06-21 19:59:16    [ 15/100] ASML    점수=69  차트=251일
2026-06-21 19:59:17    [ 16/100] ADSK    점수=76  차트=251일
2026-06-21 19:59:17    [ 17/100] ADP     점수=74  차트=251일
2026-06-21 19:59:18    [ 18/100] AXON    점수=31  차트=251일
2026-06-21 19:59:18    [ 19/100] BKR     점수=53  차트=251일
2026-06-21 19:59:19    [ 20/100] BKNG    점수=62  차트=251일
2026-06-21 19:59:19    [ 21/100] AVGO    점수=82  차트=251일
2026-06-21 19:59:20    [ 22/100] CDNS    점수=66  차트=251일
2026-06-21 19:59:20    [ 23/100] CHTR    점수=69  차트=251일
2026-06-21 19:59:21    [ 24/100] CTAS    점수=62  차트=251일
2026-06-21 19:59:21    [ 25/100] CSCO    점수=74  차트=251일
2026-06-21 19:59:21    [ 26/100] CCEP    점수=58  차트=251일
2026-06-21 19:59:22    [ 27/100] CTSH    점수=72  차트=251일
2026-06-21 19:59:23    [ 28/100] CMCSA   점수=65  차트=251일
2026-06-21 19:59:23    [ 29/100] CEG     점수=58  차트=251일
2026-06-21 19:59:23    [ 30/100] CPRT    점수=71  차트=251일
2026-06-21 19:59:24    [ 31/100] COST    점수=44  차트=251일
2026-06-21 19:59:24    [ 32/100] CRWD    점수=25  차트=251일
2026-06-21 19:59:25    [ 33/100] CSX     점수=69  차트=251일
2026-06-21 19:59:25    [ 34/100] DDOG    점수=31  차트=251일
2026-06-21 19:59:26    [ 35/100] DXCM    점수=60  차트=251일
2026-06-21 19:59:26    [ 36/100] FANG    점수=33  차트=251일
2026-06-21 19:59:27    [ 37/100] DASH    점수=31  차트=251일
2026-06-21 19:59:27    [ 38/100] EA      점수=44  차트=251일
2026-06-21 19:59:28    [ 39/100] EXC     점수=48  차트=251일
2026-06-21 19:59:28    [ 40/100] FAST    점수=66  차트=251일
2026-06-21 19:59:29    [ 41/100] FER     점수=35  차트=251일
2026-06-21 19:59:29    [ 42/100] FTNT    점수=82  차트=251일
2026-06-21 19:59:30    [ 43/100] GEHC    점수=54  차트=251일
2026-06-21 19:59:30    [ 44/100] GILD    점수=74  차트=251일
2026-06-21 19:59:31    [ 45/100] HON     점수=45  차트=251일
2026-06-21 19:59:31    [ 46/100] IDXX    점수=55  차트=251일
2026-06-21 19:59:32    [ 47/100] INSM    점수=19  차트=251일
2026-06-21 19:59:32    [ 48/100] INTC    점수=31  차트=251일
2026-06-21 19:59:33    [ 49/100] INTU    점수=75  차트=251일
2026-06-21 19:59:33    [ 50/100] ISRG    점수=48  차트=251일
2026-06-21 19:59:34    [ 51/100] KDP     점수=44  차트=251일
2026-06-21 19:59:34    [ 52/100] KLAC    점수=69  차트=251일
2026-06-21 19:59:35    [ 53/100] KHC     점수=52  차트=251일
2026-06-21 19:59:35    [ 54/100] LRCX    점수=78  차트=252일
2026-06-21 19:59:36    [ 55/100] LIN     점수=57  차트=251일
2026-06-21 19:59:36    [ 56/100] LITE    점수=50  차트=251일
2026-06-21 19:59:37    [ 57/100] MAR     점수=53  차트=251일
2026-06-21 19:59:37    [ 58/100] MRVL    점수=53  차트=251일
2026-06-21 19:59:37    [ 59/100] MELI    점수=53  차트=251일
2026-06-21 19:59:38    [ 60/100] META    점수=80  차트=251일
2026-06-21 19:59:38    [ 61/100] MCHP    점수=42  차트=251일
2026-06-21 19:59:39    [ 62/100] MU      점수=85  차트=251일
2026-06-21 19:59:39    [ 63/100] MSFT    점수=81  차트=251일
2026-06-21 19:59:40    [ 64/100] MSTR    점수=34  차트=251일
2026-06-21 19:59:40    [ 65/100] MDLZ    점수=46  차트=251일
2026-06-21 19:59:41    [ 66/100] MPWR    점수=71  차트=251일
2026-06-21 19:59:41    [ 67/100] MNST    점수=62  차트=251일
2026-06-21 19:59:42    [ 68/100] NFLX    점수=65  차트=251일
2026-06-21 19:59:42    [ 69/100] NVDA    점수=85  차트=251일
2026-06-21 19:59:43    [ 70/100] NXPI    점수=77  차트=251일
2026-06-21 19:59:43    [ 71/100] ORLY    점수=54  차트=251일
2026-06-21 19:59:44    [ 72/100] ODFL    점수=47  차트=251일
2026-06-21 19:59:44    [ 73/100] PCAR    점수=55  차트=251일
2026-06-21 19:59:45    [ 74/100] PLTR    점수=71  차트=251일
2026-06-21 19:59:45    [ 75/100] PANW    점수=37  차트=251일
2026-06-21 19:59:46    [ 76/100] PAYX    점수=55  차트=251일
2026-06-21 19:59:46    [ 77/100] PYPL    점수=56  차트=251일
2026-06-21 19:59:46    [ 78/100] PDD     점수=65  차트=251일
2026-06-21 19:59:47    [ 79/100] PEP     점수=66  차트=251일
2026-06-21 19:59:47    [ 80/100] QCOM    점수=67  차트=251일
2026-06-21 19:59:48    [ 81/100] REGN    점수=66  차트=251일
2026-06-21 19:59:48    [ 82/100] ROP     점수=78  차트=251일
2026-06-21 19:59:49    [ 83/100] ROST    점수=73  차트=251일
2026-06-21 19:59:49    [ 84/100] SNDK    점수=76  차트=251일
2026-06-21 19:59:50    [ 85/100] STX     점수=67  차트=251일
2026-06-21 19:59:50    [ 86/100] SHOP    점수=58  차트=251일
2026-06-21 19:59:51    [ 87/100] SBUX    점수=39  차트=251일
2026-06-21 19:59:51    [ 88/100] SNPS    점수=46  차트=251일
2026-06-21 19:59:52    [ 89/100] TMUS    점수=53  차트=251일
2026-06-21 19:59:52    [ 90/100] TTWO    점수=16  차트=251일
2026-06-21 19:59:53    [ 91/100] TSLA    점수=25  차트=251일
2026-06-21 19:59:53    [ 92/100] TXN     점수=76  차트=251일
2026-06-21 19:59:54    [ 93/100] TRI     점수=69  차트=251일
2026-06-21 19:59:54    [ 94/100] VRSK    점수=52  차트=251일
2026-06-21 19:59:55    [ 95/100] VRTX    점수=68  차트=251일
2026-06-21 19:59:55    [ 96/100] WMT     점수=36  차트=251일
2026-06-21 19:59:56    [ 97/100] WBD     점수=33  차트=251일
2026-06-21 19:59:56    [ 98/100] WDC     점수=85  차트=251일
2026-06-21 19:59:57    [ 99/100] WDAY    점수=65  차트=251일
2026-06-21 19:59:57    [100/100] XEL     점수=41  차트=251일
2026-06-21 19:59:57  전체 수집 완료
